<?xml version="1.0" encoding="UTF-8"?>
<testsuite name="hu.bp.sudokucreator.UsedNumbersTest" tests="1" skipped="0" failures="0" errors="0" timestamp="2022-03-20T08:56:28" hostname="peter-Aspire-E5-572G" time="0.018">
  <properties/>
  <testcase name="getPartIndex()" classname="hu.bp.sudokucreator.UsedNumbersTest" time="0.018"/>
  <system-out><![CDATA[]]></system-out>
  <system-err><![CDATA[]]></system-err>
</testsuite>
